<?xml version="1.0" encoding="UTF-8"?>
<!-- Generated by org.testng.reporters.JUnitXMLReporter -->
<testsuite hostname="hitesh-PC" name="Test" tests="1" failures="1" timestamp="15 Apr 2018 07:02:28 GMT" time="1.667" errors="0">
  <testcase name="runCukes" time="1.64" classname="com.cucumber.framework.runner.WomenProductVerification.WomenProductVerification">
    <failure type="cucumber.runtime.CucumberException" message="java.lang.NullPointerException">
      <![CDATA[cucumber.runtime.CucumberException: java.lang.NullPointerException
	at cucumber.api.testng.TestNGCucumberRunner.runCukes(TestNGCucumberRunner.java:57)
	at com.cucumber.framework.runner.WomenProductVerification.WomenProductVerification.runCukes(WomenProductVerification.java:39)
Caused by: java.lang.NullPointerException
	at com.cucumber.framework.stepdefinition.Login.LoginToApplication.navigate_to_application(LoginToApplication.java:25)
	at ✽.Given navigate to application(featurefile/productCategory/TestTotalNumberOfWomenDressProduct.feature:5)
... Removed 24 stack frames]]>
    </failure>
  </testcase> <!-- runCukes -->
</testsuite> <!-- Test -->
