<?xml version="1.0" encoding="UTF-8"?>
<!-- Generated by org.testng.reporters.JUnitXMLReporter -->
<testsuite hostname="hitesh-PC" name="Windows+firefox Test" tests="1" failures="0" timestamp="22 Apr 2018 17:45:45 GMT" time="34.408" errors="0">
  <testcase name="@AfterTest afterTest" time="0.0" classname="com.cucumber.framework.runner.cardekhoHomePage.CDHomePageRunner">
    <failure type="java.lang.NullPointerException">
      <![CDATA[java.lang.NullPointerException
	at com.cucumber.framework.utility.ActionAfterClass.actionAfterTest(ActionAfterClass.java:20)
	at com.cucumber.framework.runner.cardekhoHomePage.CDHomePageRunner.afterTest(CDHomePageRunner.java:54)
... Removed 22 stack frames]]>
    </failure>
  </testcase> <!-- @AfterTest afterTest -->
  <testcase name="runCukes" time="34.366" classname="com.cucumber.framework.runner.cardekhoHomePage.CDHomePageRunner"/>
</testsuite> <!-- Windows+firefox Test -->
