<?xml version="1.0" encoding="UTF-8"?>
<testng-results skipped="0" failed="1" total="1" passed="0">
  <reporter-output>
  </reporter-output>
  <suite name="Functional Test Suite_Chrome" duration-ms="1667" started-at="2018-04-15T07:02:26Z" finished-at="2018-04-15T07:02:28Z">
    <groups>
    </groups>
    <test name="Test" duration-ms="1667" started-at="2018-04-15T07:02:26Z" finished-at="2018-04-15T07:02:28Z">
      <class name="com.cucumber.framework.runner.WomenProductVerification.WomenProductVerification">
        <test-method status="PASS" signature="beforeSuite()[pri:0, instance:com.cucumber.framework.runner.WomenProductVerification.WomenProductVerification@149dace]" name="beforeSuite" is-config="true" duration-ms="24" started-at="2018-04-15T12:32:26Z" finished-at="2018-04-15T12:32:26Z">
          <reporter-output>
          </reporter-output>
        </test-method> <!-- beforeSuite -->
        <test-method status="FAIL" signature="runCukes()[pri:0, instance:com.cucumber.framework.runner.WomenProductVerification.WomenProductVerification@149dace]" name="runCukes" duration-ms="1640" started-at="2018-04-15T12:32:26Z" finished-at="2018-04-15T12:32:28Z">
          <exception class="cucumber.runtime.CucumberException">
            <message>
              <![CDATA[java.lang.NullPointerException]]>
            </message>
            <full-stacktrace>
              <![CDATA[cucumber.runtime.CucumberException: java.lang.NullPointerException
	at cucumber.api.testng.TestNGCucumberRunner.runCukes(TestNGCucumberRunner.java:57)
	at com.cucumber.framework.runner.WomenProductVerification.WomenProductVerification.runCukes(WomenProductVerification.java:39)
	at sun.reflect.NativeMethodAccessorImpl.invoke0(Native Method)
	at sun.reflect.NativeMethodAccessorImpl.invoke(Unknown Source)
	at sun.reflect.DelegatingMethodAccessorImpl.invoke(Unknown Source)
	at java.lang.reflect.Method.invoke(Unknown Source)
	at org.testng.internal.MethodInvocationHelper.invokeMethod(MethodInvocationHelper.java:85)
	at org.testng.internal.Invoker.invokeMethod(Invoker.java:639)
	at org.testng.internal.Invoker.invokeTestMethod(Invoker.java:816)
	at org.testng.internal.Invoker.invokeTestMethods(Invoker.java:1124)
	at org.testng.internal.TestMethodWorker.invokeTestMethods(TestMethodWorker.java:125)
	at org.testng.internal.TestMethodWorker.run(TestMethodWorker.java:108)
	at org.testng.TestRunner.privateRun(TestRunner.java:774)
	at org.testng.TestRunner.run(TestRunner.java:624)
	at org.testng.SuiteRunner.runTest(SuiteRunner.java:359)
	at org.testng.SuiteRunner.runSequentially(SuiteRunner.java:354)
	at org.testng.SuiteRunner.privateRun(SuiteRunner.java:312)
	at org.testng.SuiteRunner.run(SuiteRunner.java:261)
	at org.testng.SuiteRunnerWorker.runSuite(SuiteRunnerWorker.java:52)
	at org.testng.SuiteRunnerWorker.run(SuiteRunnerWorker.java:86)
	at org.testng.TestNG.runSuitesSequentially(TestNG.java:1191)
	at org.testng.TestNG.runSuitesLocally(TestNG.java:1116)
	at org.testng.TestNG.run(TestNG.java:1024)
	at org.testng.remote.AbstractRemoteTestNG.run(AbstractRemoteTestNG.java:114)
	at org.testng.remote.RemoteTestNG.initAndRun(RemoteTestNG.java:251)
	at org.testng.remote.RemoteTestNG.main(RemoteTestNG.java:77)
Caused by: java.lang.NullPointerException
	at com.cucumber.framework.stepdefinition.Login.LoginToApplication.navigate_to_application(LoginToApplication.java:25)
	at ✽.Given navigate to application(featurefile/productCategory/TestTotalNumberOfWomenDressProduct.feature:5)
]]>
            </full-stacktrace>
          </exception> <!-- cucumber.runtime.CucumberException -->
          <reporter-output>
          </reporter-output>
        </test-method> <!-- runCukes -->
        <test-method status="PASS" signature="afterSuite()[pri:0, instance:com.cucumber.framework.runner.WomenProductVerification.WomenProductVerification@149dace]" name="afterSuite" is-config="true" duration-ms="0" started-at="2018-04-15T12:32:28Z" finished-at="2018-04-15T12:32:28Z">
          <reporter-output>
          </reporter-output>
        </test-method> <!-- afterSuite -->
      </class> <!-- com.cucumber.framework.runner.WomenProductVerification.WomenProductVerification -->
    </test> <!-- Test -->
  </suite> <!-- Functional Test Suite_Chrome -->
</testng-results>
